{
  "RSpec": {
    "coverage": {
      "/Users/notmarkmiranda/projects/rails_stuff/christmas_lister/app/helpers/application_helper.rb": [
        1,
        null
      ],
      "/Users/notmarkmiranda/projects/rails_stuff/christmas_lister/app/controllers/pages_controller.rb": [
        1,
        null,
        1,
        null,
        null
      ],
      "/Users/notmarkmiranda/projects/rails_stuff/christmas_lister/app/controllers/application_controller.rb": [
        1,
        1,
        1,
        null,
        1,
        3,
        null,
        null
      ],
      "/Users/notmarkmiranda/projects/rails_stuff/christmas_lister/app/controllers/sessions_controller.rb": [
        1,
        null,
        1,
        3,
        0,
        null,
        null,
        null,
        1,
        3,
        3,
        2,
        2,
        2,
        null,
        1,
        1,
        null,
        null,
        null
      ],
      "/Users/notmarkmiranda/projects/rails_stuff/christmas_lister/app/controllers/users_controller.rb": [
        1,
        1,
        null,
        null,
        null
      ],
      "/Users/notmarkmiranda/projects/rails_stuff/christmas_lister/app/models/user.rb": [
        1,
        1,
        null,
        1,
        1,
        1,
        null
      ],
      "/Users/notmarkmiranda/projects/rails_stuff/christmas_lister/app/models/application_record.rb": [
        1,
        1,
        null
      ]
    },
    "timestamp": 1473913392
  }
}
